ifort: remark #10397: optimization reports are generated in *.optrpt files in the output location
Part2_par.f90(2): error #7013: This module file was not generated by any release of this compiler.   [TYPE_DEFS]
	use type_defs
------------^
Part2_par.f90(6): error #6683: A kind type parameter must be a compile-time constant.   [DP]
	real(dp) :: x1,x2,y1,y2,Integral
-------------^
Part2_par.f90(29): error #6683: A kind type parameter must be a compile-time constant.   [DP]
		real(dp) :: x1,x2,y1,y2,hx,hy,Integral
---------------------^
Part2_par.f90(45): error #7013: This module file was not generated by any release of this compiler.   [TYPE_DEFS]
		use type_defs
--------------------^
Part2_par.f90(44): error #6683: A kind type parameter must be a compile-time constant.   [DP]
	real(dp) function integrand(x,y)
-------------^
Part2_par.f90(47): error #6683: A kind type parameter must be a compile-time constant.   [DP]
		real(dp), intent(in) :: x,y
---------------------^
Part2_par.f90(34): error #8194: The COLLAPSE clause or the ORDERED clause with a value require perfectly nested loops:  no code may appear before or after the loops being collapsed.
		!$OMP PARALLEL DO PRIVATE(i) REDUCTION(+:Integral) COLLAPSE(2)
----------------------^
Part2_par.f90(49): error #6404: This name does not have a type, and must have an explicit type.   [DP]
		integrand = 9*(x**2)*(y**2)/4.0_dp
-----------------------------------------------^
Part2_par.f90(49): error #6975: A kind-param must be a digit-string or a scalar-int-constant-name.   [DP]
		integrand = 9*(x**2)*(y**2)/4.0_dp
-----------------------------------------------^
compilation aborted for Part2_par.f90 (code 1)
