ifort: remark #10397: optimization reports are generated in *.optrpt files in the output location
Part2.f90(2): error #7013: This module file was not generated by any release of this compiler.   [TYPE_DEFS]
	use type_defs
------------^
Part2.f90(5): error #6683: A kind type parameter must be a compile-time constant.   [DP]
	real(dp) :: x1,x2,y1,y2,Integral
-------------^
Part2.f90(22): error #6683: A kind type parameter must be a compile-time constant.   [DP]
		real(dp) :: x1,x2,y1,y2,hx,hy,Integral
---------------------^
Part2.f90(33): error #7013: This module file was not generated by any release of this compiler.   [TYPE_DEFS]
		use type_defs
--------------------^
Part2.f90(32): error #6683: A kind type parameter must be a compile-time constant.   [DP]
	real(dp) function integrand(x,y)
-------------^
Part2.f90(35): error #6683: A kind type parameter must be a compile-time constant.   [DP]
		real(dp), intent(in) :: x,y
---------------------^
compilation aborted for Part2.f90 (code 1)
